<?xml version="1.0" encoding="UTF-8"?>
<testsuite xmlns:xsi="http://www.w3.org/2001/XMLSchema-instance" xsi:noNamespaceSchemaLocation="https://maven.apache.org/surefire/maven-surefire-plugin/xsd/surefire-test-report.xsd" version="3.0.2" name="StepDefination.TestRunner" time="136.565" tests="8" errors="0" skipped="0" failures="0">
  <properties>
[...]
</properties>
  <testcase name="shopping with the user1 id" classname="Website Automation with user1" time="28.079">
    <system-out><![CDATA[
&amp#27;[1mScenario:&amp#27;[22m shopping with the user1 id                                  &amp#27;[90m# file:///C:/Users/shashank/Desktop/Java%20Selinium/Capstone_Project/src/test/resources/features1/FiltersWithUser1.feature:5&amp#27;[39m
  &amp#27;[32m✔&amp#27;[39m &amp#27;[32m&amp#27;[1mGiven &amp#27;[22mopen the browser&amp#27;[39m                                            &amp#27;[90m# StepDefination.FiltersWithUser1.open_the_browser()&amp#27;[39m
  &amp#27;[32m✔&amp#27;[39m &amp#27;[32m&amp#27;[1mWhen &amp#27;[22mgo to the login page&amp#27;[39m                                         &amp#27;[90m# StepDefination.FiltersWithUser1.go_to_the_login_page()&amp#27;[39m
  &amp#27;[32m✔&amp#27;[39m &amp#27;[32m&amp#27;[1mAnd &amp#27;[22mlogin to the website with user1 credentials&amp#27;[39m                   &amp#27;[90m# StepDefination.FiltersWithUser1.login_to_the_website_with_user1_credentials()&amp#27;[39m
  &amp#27;[32m✔&amp#27;[39m &amp#27;[32m&amp#27;[1mAnd &amp#27;[22msearch the product&amp#27;[39m                                            &amp#27;[90m# StepDefination.FiltersWithUser1.search_the_product()&amp#27;[39m
  &amp#27;[32m✔&amp#27;[39m &amp#27;[32m&amp#27;[1mAnd &amp#27;[22mHigh to Low filters&amp#27;[39m                                           &amp#27;[90m# StepDefination.FiltersWithUser1.high_to_low_filters()&amp#27;[39m
  &amp#27;[32m✔&amp#27;[39m &amp#27;[32m&amp#27;[1mAnd &amp#27;[22mLow to High filters&amp#27;[39m                                           &amp#27;[90m# StepDefination.FiltersWithUser1.low_to_high_filters()&amp#27;[39m
  &amp#27;[32m✔&amp#27;[39m &amp#27;[32m&amp#27;[1mAnd &amp#27;[22mselect the brands from the vendors filter&amp#27;[39m                     &amp#27;[90m# StepDefination.FiltersWithUser1.select_the_brands_from_the_vendors_filter()&amp#27;[39m
  &amp#27;[32m✔&amp#27;[39m &amp#27;[32m&amp#27;[1mAnd &amp#27;[22mselect a product from the particular brand&amp#27;[39m                    &amp#27;[90m# StepDefination.FiltersWithUser1.select_a_product_from_the_particular_brand()&amp#27;[39m
  &amp#27;[32m✔&amp#27;[39m &amp#27;[32m&amp#27;[1mAnd &amp#27;[22mapply the low to high filter&amp#27;[39m                                  &amp#27;[90m# StepDefination.FiltersWithUser1.apply_the_low_to_high_filter()&amp#27;[39m
  &amp#27;[32m✔&amp#27;[39m &amp#27;[32m&amp#27;[1mAnd &amp#27;[22mapply the high to low filter&amp#27;[39m                                  &amp#27;[90m# StepDefination.FiltersWithUser1.apply_the_high_to_low_filter()&amp#27;[39m
  &amp#27;[32m✔&amp#27;[39m &amp#27;[32m&amp#27;[1mAnd &amp#27;[22mlogout from the page&amp#27;[39m                                          &amp#27;[90m# StepDefination.FiltersWithUser1.logout_from_the_page()&amp#27;[39m
Searched products and slected product from the brands and applied the filters
  &amp#27;[32m✔&amp#27;[39m &amp#27;[32m&amp#27;[1mThen &amp#27;[22mthe user is successfully selected product and applied filter&amp#27;[39m &amp#27;[90m# StepDefination.FiltersWithUser1.the_user_is_successfully_selected_product_and_applied_filter()&amp#27;[39m
]]></system-out>
    <system-err><![CDATA[Sep 07, 2025 6:57:37 PM org.openqa.selenium.devtools.CdpVersionFinder findNearestMatch
WARNING: Unable to find CDP implementation matching 140
Sep 07, 2025 6:57:37 PM org.openqa.selenium.chromium.ChromiumDriver lambda$new$5
WARNING: Unable to find version of CDP to use for 140.0.7339.80. You may need to include a dependency on a specific version of the CDP using something similar to `org.seleniumhq.selenium:selenium-devtools-v86:4.22.0` where the version ("v86") matches the version of the chromium-based browser you're using and the version number of the artifact is the same as Selenium's.
]]></system-err>
  </testcase>
  <testcase name="adding multiple products to cart from different brands" classname="select products from the different brands and add multiple products to cart" time="28.042">
    <system-out><![CDATA[
&amp#27;[1mScenario:&amp#27;[22m adding multiple products to cart from different brands                  &amp#27;[90m# file:///C:/Users/shashank/Desktop/Java%20Selinium/Capstone_Project/src/test/resources/features1/MultiProducts.feature:2&amp#27;[39m
  &amp#27;[32m✔&amp#27;[39m &amp#27;[32m&amp#27;[1mGiven &amp#27;[22mopen the website&amp#27;[39m                                                        &amp#27;[90m# StepDefination.MultiProdutsToCart.open_the_website()&amp#27;[39m
  &amp#27;[32m✔&amp#27;[39m &amp#27;[32m&amp#27;[1mWhen &amp#27;[22mredirect to the authenticate page&amp#27;[39m                                        &amp#27;[90m# StepDefination.MultiProdutsToCart.redirect_to_the_authenticate_page()&amp#27;[39m
  &amp#27;[32m✔&amp#27;[39m &amp#27;[32m&amp#27;[1mAnd &amp#27;[22menter the user details&amp#27;[39m                                                    &amp#27;[90m# StepDefination.MultiProdutsToCart.enter_the_user_details()&amp#27;[39m
user successfully entered the page
  &amp#27;[32m✔&amp#27;[39m &amp#27;[32m&amp#27;[1mAnd &amp#27;[22muser had successfully entered to the page&amp#27;[39m                                 &amp#27;[90m# StepDefination.MultiProdutsToCart.user_had_successfully_entered_to_the_page()&amp#27;[39m
  &amp#27;[32m✔&amp#27;[39m &amp#27;[32m&amp#27;[1mAnd &amp#27;[22msearch the different products&amp#27;[39m                                             &amp#27;[90m# StepDefination.MultiProdutsToCart.search_the_different_products()&amp#27;[39m
  &amp#27;[32m✔&amp#27;[39m &amp#27;[32m&amp#27;[1mAnd &amp#27;[22msort the products from the increasing order&amp#27;[39m                               &amp#27;[90m# StepDefination.MultiProdutsToCart.sort_the_products_from_the_increasing_order()&amp#27;[39m
  &amp#27;[32m✔&amp#27;[39m &amp#27;[32m&amp#27;[1mAnd &amp#27;[22madd items to the cart from each brands&amp#27;[39m                                    &amp#27;[90m# StepDefination.MultiProdutsToCart.add_items_to_the_cart_from_each_brands()&amp#27;[39m
added products to the cart from different brands
  &amp#27;[32m✔&amp#27;[39m &amp#27;[32m&amp#27;[1mAnd &amp#27;[22mdifferent items should added successfully to cart&amp#27;[39m                         &amp#27;[90m# StepDefination.MultiProdutsToCart.different_items_should_added_successfully_to_cart()&amp#27;[39m
  &amp#27;[32m✔&amp#27;[39m &amp#27;[32m&amp#27;[1mAnd &amp#27;[22mIncrease the product quantity in the cart&amp#27;[39m                                 &amp#27;[90m# StepDefination.MultiProdutsToCart.increase_the_product_quantity_in_the_cart()&amp#27;[39m
Increased the count of items in the cart, items were added to cart from different vendors
  &amp#27;[32m✔&amp#27;[39m &amp#27;[32m&amp#27;[1mThen &amp#27;[22mAdded different items from the different brands to the cart successfully&amp#27;[39m &amp#27;[90m# StepDefination.MultiProdutsToCart.added_different_items_from_the_different_brands_to_the_cart_successfully()&amp#27;[39m
]]></system-out>
    <system-err><![CDATA[Sep 07, 2025 6:58:03 PM org.openqa.selenium.devtools.CdpVersionFinder findNearestMatch
WARNING: Unable to find CDP implementation matching 140
Sep 07, 2025 6:58:03 PM org.openqa.selenium.chromium.ChromiumDriver lambda$new$5
WARNING: Unable to find version of CDP to use for 140.0.7339.80. You may need to include a dependency on a specific version of the CDP using something similar to `org.seleniumhq.selenium:selenium-devtools-v86:4.22.0` where the version ("v86") matches the version of the chromium-based browser you're using and the version number of the artifact is the same as Selenium's.
]]></system-err>
  </testcase>
  <testcase name="Subscribe to the news letter and check other sections" classname="Explore all the other Modules" time="16.1">
    <system-out><![CDATA[
&amp#27;[1mScenario:&amp#27;[22m Subscribe to the news letter and check other sections   &amp#27;[90m# file:///C:/Users/shashank/Desktop/Java%20Selinium/Capstone_Project/src/test/resources/features1/OtherModules.feature:2&amp#27;[39m
  &amp#27;[32m✔&amp#27;[39m &amp#27;[32m&amp#27;[1mGiven &amp#27;[22mopen the bstackdemo&amp#27;[39m                                     &amp#27;[90m# StepDefination.OtherModules.open_the_bstackdemo()&amp#27;[39m
  &amp#27;[32m✔&amp#27;[39m &amp#27;[32m&amp#27;[1mWhen &amp#27;[22mredirect to sigin page&amp#27;[39m                                   &amp#27;[90m# StepDefination.OtherModules.redirect_to_sigin_page()&amp#27;[39m
  &amp#27;[32m✔&amp#27;[39m &amp#27;[32m&amp#27;[1mAnd &amp#27;[22menter the login details&amp#27;[39m                                   &amp#27;[90m# StepDefination.OtherModules.enter_the_login_details()&amp#27;[39m
  &amp#27;[32m✔&amp#27;[39m &amp#27;[32m&amp#27;[1mAnd &amp#27;[22mgo to the newletter section&amp#27;[39m                               &amp#27;[90m# StepDefination.OtherModules.go_to_the_newletter_section()&amp#27;[39m
  &amp#27;[32m✔&amp#27;[39m &amp#27;[32m&amp#27;[1mAnd &amp#27;[22menter the email address and subscribe it&amp#27;[39m                  &amp#27;[90m# StepDefination.OtherModules.enter_the_email_address_and_subscribe_it()&amp#27;[39m
Subscribed to newsletter
  &amp#27;[32m✔&amp#27;[39m &amp#27;[32m&amp#27;[1mAnd &amp#27;[22muser should successfully subscribed to the newsletter&amp#27;[39m     &amp#27;[90m# StepDefination.OtherModules.user_should_successfully_subscribed_to_the_newsletter()&amp#27;[39m
  &amp#27;[32m✔&amp#27;[39m &amp#27;[32m&amp#27;[1mAnd &amp#27;[22mgo to the privacy policy section&amp#27;[39m                          &amp#27;[90m# StepDefination.OtherModules.go_to_the_privacy_policy_section()&amp#27;[39m
  &amp#27;[32m✔&amp#27;[39m &amp#27;[32m&amp#27;[1mAnd &amp#27;[22mread the privacy policy&amp#27;[39m                                   &amp#27;[90m# StepDefination.OtherModules.read_the_privacy_policy()&amp#27;[39m
  &amp#27;[32m✔&amp#27;[39m &amp#27;[32m&amp#27;[1mAnd &amp#27;[22mgo to the offers section&amp#27;[39m                                  &amp#27;[90m# StepDefination.OtherModules.go_to_the_offers_section()&amp#27;[39m
checked the offers page
  &amp#27;[32m✔&amp#27;[39m &amp#27;[32m&amp#27;[1mAnd &amp#27;[22mcheck any offers are avilable&amp#27;[39m                             &amp#27;[90m# StepDefination.OtherModules.check_any_offers_are_avilable()&amp#27;[39m
Offers page validated successfully
  &amp#27;[32m✔&amp#27;[39m &amp#27;[32m&amp#27;[1mAnd &amp#27;[22mif any offers are available add the products to the cart&amp#27;[39m  &amp#27;[90m# StepDefination.OtherModules.if_any_offers_are_available_add_the_products_to_the_cart()&amp#27;[39m
  &amp#27;[32m✔&amp#27;[39m &amp#27;[32m&amp#27;[1mAnd &amp#27;[22mif there are no offers are available, go to the main page&amp#27;[39m &amp#27;[90m# StepDefination.OtherModules.if_there_are_no_offers_are_available_go_to_the_main_page()&amp#27;[39m
Checked is there any offers available in the offer section and also subscribed to the NewsLetter
  &amp#27;[32m✔&amp#27;[39m &amp#27;[32m&amp#27;[1mThen &amp#27;[22mExplored all the Modules&amp#27;[39m                                 &amp#27;[90m# StepDefination.OtherModules.explored_all_the_modules()&amp#27;[39m
]]></system-out>
    <system-err><![CDATA[Sep 07, 2025 6:58:32 PM org.openqa.selenium.devtools.CdpVersionFinder findNearestMatch
WARNING: Unable to find CDP implementation matching 140
Sep 07, 2025 6:58:32 PM org.openqa.selenium.chromium.ChromiumDriver lambda$new$5
WARNING: Unable to find version of CDP to use for 140.0.7339.80. You may need to include a dependency on a specific version of the CDP using something similar to `org.seleniumhq.selenium:selenium-devtools-v86:4.22.0` where the version ("v86") matches the version of the chromium-based browser you're using and the version number of the artifact is the same as Selenium's.
]]></system-err>
  </testcase>
  <testcase name="Shop from vendors" classname="Order products using Shop By vendor" time="23.084">
    <system-out><![CDATA[
&amp#27;[1mScenario Outline:&amp#27;[22m Shop from vendors                                                                                                                               &amp#27;[90m# file:///C:/Users/shashank/Desktop/Java%20Selinium/Capstone_Project/src/test/resources/features1/ShopByVendors.feature:25&amp#27;[39m
  &amp#27;[32m✔&amp#27;[39m &amp#27;[32m&amp#27;[1mGiven &amp#27;[22mWebsite should be opened&amp#27;[39m                                                                                                                                &amp#27;[90m# StepDefination.ShopByVendors.website_should_be_opened()&amp#27;[39m
  &amp#27;[32m✔&amp#27;[39m &amp#27;[32m&amp#27;[1mWhen &amp#27;[22mgo to sigin page&amp#27;[39m                                                                                                                                         &amp#27;[90m# StepDefination.ShopByVendors.go_to_sigin_page()&amp#27;[39m
  &amp#27;[32m✔&amp#27;[39m &amp#27;[32m&amp#27;[1mAnd &amp#27;[22mlogin with the details&amp#27;[39m                                                                                                                                    &amp#27;[90m# StepDefination.ShopByVendors.user_logs_into_the_site()&amp#27;[39m
  &amp#27;[32m✔&amp#27;[39m &amp#27;[32m&amp#27;[1mAnd &amp#27;[22mSelect a vendor from vendors list&amp#27;[39m                                                                                                                         &amp#27;[90m# StepDefination.ShopByVendors.select_a_vendor_from_vendors_list()&amp#27;[39m
  &amp#27;[32m✔&amp#27;[39m &amp#27;[32m&amp#27;[1mAnd &amp#27;[22mselect the product and Add the product to the Wishlist&amp#27;[39m                                                                                                    &amp#27;[90m# StepDefination.ShopByVendors.select_the_product_and_add_the_product_to_the_wishlist()&amp#27;[39m
  &amp#27;[32m✔&amp#27;[39m &amp#27;[32m&amp#27;[1mAnd &amp#27;[22mproduct should be added to the wishlist&amp#27;[39m                                                                                                                   &amp#27;[90m# StepDefination.ShopByVendors.product_should_be_added_to_the_wishlist()&amp#27;[39m
Selecting a product from the wishlist
  &amp#27;[32m✔&amp#27;[39m &amp#27;[32m&amp#27;[1mAnd &amp#27;[22mselect a product from the Wishlist&amp#27;[39m                                                                                                                        &amp#27;[90m# StepDefination.ShopByVendors.select_a_product_from_the_wishlist()&amp#27;[39m
  &amp#27;[32m✔&amp#27;[39m &amp#27;[32m&amp#27;[1mAnd &amp#27;[22madd the product to the cart&amp#27;[39m                                                                                                                               &amp#27;[90m# StepDefination.ShopByVendors.add_the_product_to_the_cart()&amp#27;[39m
Product is added to the cart
  &amp#27;[32m✔&amp#27;[39m &amp#27;[32m&amp#27;[1mAnd &amp#27;[22mproduct should added to cart&amp#27;[39m                                                                                                                              &amp#27;[90m# StepDefination.ShopByVendors.product_should_added_to_cart()&amp#27;[39m
  &amp#27;[32m✔&amp#27;[39m &amp#27;[32m&amp#27;[1mAnd &amp#27;[22mshop the product from the cart&amp#27;[39m                                                                                                                            &amp#27;[90m# StepDefination.ShopByVendors.shop_the_product_from_the_cart()&amp#27;[39m
  &amp#27;[32m✔&amp#27;[39m &amp#27;[32m&amp#27;[1mAnd &amp#27;[22menters shipping details with first name "&amp#27;[1mAnush&amp#27;[22m", last name "&amp#27;[1mKumar&amp#27;[22m", address "&amp#27;[1m123, Hanamkonda, Warangal, Telangana&amp#27;[22m", state "&amp#27;[1mTelangana&amp#27;[22m", and pincode &amp#27;[1m506001&amp#27;[22m&amp#27;[39m &amp#27;[90m# StepDefination.ShopByVendors.enters_shipping_details_with_first_name_last_name_address_state_and_pincode(java.lang.String,java.lang.String,java.lang.String,java.lang.String,java.lang.Integer)&amp#27;[39m
ordered has been placed successfuly
  &amp#27;[32m✔&amp#27;[39m &amp#27;[32m&amp#27;[1mAnd &amp#27;[22mplace the order after submitting the details&amp#27;[39m                                                                                                              &amp#27;[90m# StepDefination.ShopByVendors.place_the_order_after_submitting_the_details()&amp#27;[39m
Searched a product from the vendors, added the product wishlist to cart and ordered it
  &amp#27;[32m✔&amp#27;[39m &amp#27;[32m&amp#27;[1mThen &amp#27;[22mSuccessfuly ordered aproduct from vendors and added it to wishlist and then ordered from the wishlist&amp#27;[39m                                                    &amp#27;[90m# StepDefination.ShopByVendors.successfuly_ordered_aproduct_from_vendors_and_added_it_to_wishlist_and_then_ordered_from_the_wishlist()&amp#27;[39m
]]></system-out>
    <system-err><![CDATA[Sep 07, 2025 6:58:48 PM org.openqa.selenium.devtools.CdpVersionFinder findNearestMatch
WARNING: Unable to find CDP implementation matching 140
Sep 07, 2025 6:58:48 PM org.openqa.selenium.chromium.ChromiumDriver lambda$new$5
WARNING: Unable to find version of CDP to use for 140.0.7339.80. You may need to include a dependency on a specific version of the CDP using something similar to `org.seleniumhq.selenium:selenium-devtools-v86:4.22.0` where the version ("v86") matches the version of the chromium-based browser you're using and the version number of the artifact is the same as Selenium's.
]]></system-err>
  </testcase>
  <testcase name="Validate user2 product image not displayed and login" classname="check the Image_not_Loading User functionalities" time="9.048">
    <system-out><![CDATA[
&amp#27;[1mScenario:&amp#27;[22m Validate user2 product image not displayed and login &amp#27;[90m# file:///C:/Users/shashank/Desktop/Java%20Selinium/Capstone_Project/src/test/resources/features1/User2_FUnctionalities.feature:4&amp#27;[39m
  &amp#27;[32m✔&amp#27;[39m &amp#27;[32m&amp#27;[1mGiven &amp#27;[22mopen the Browser&amp#27;[39m                                     &amp#27;[90m# StepDefination.User2_Step.open_the_browser()&amp#27;[39m
  &amp#27;[32m✔&amp#27;[39m &amp#27;[32m&amp#27;[1mWhen &amp#27;[22mredirect to sigin&amp#27;[39m                                     &amp#27;[90m# StepDefination.User2_Step.redirect_to_sigin()&amp#27;[39m
  &amp#27;[32m✔&amp#27;[39m &amp#27;[32m&amp#27;[1mAnd &amp#27;[22mlogin with the user2&amp#27;[39m                                   &amp#27;[90m# StepDefination.User2_Step.login_with_the_user2()&amp#27;[39m
User logged in successfully
  &amp#27;[32m✔&amp#27;[39m &amp#27;[32m&amp#27;[1mAnd &amp#27;[22muser had looged in&amp#27;[39m                                     &amp#27;[90m# StepDefination.User2_Step.user_had_looged_in()&amp#27;[39m
  &amp#27;[32m✔&amp#27;[39m &amp#27;[32m&amp#27;[1mAnd &amp#27;[22mcheck the products&amp#27;[39m                                     &amp#27;[90m# StepDefination.User2_Step.check_the_products()&amp#27;[39m
  &amp#27;[32m✔&amp#27;[39m &amp#27;[32m&amp#27;[1mAnd &amp#27;[22mimage should not be displayed for the products&amp#27;[39m         &amp#27;[90m# StepDefination.User2_Step.image_should_not_be_displayed_for_the_products()&amp#27;[39m
  &amp#27;[32m✔&amp#27;[39m &amp#27;[32m&amp#27;[1mAnd &amp#27;[22mthen click on logout&amp#27;[39m                                   &amp#27;[90m# StepDefination.User2_Step.then_click_on_logout()&amp#27;[39m
User has successfully logged out
  &amp#27;[32m✔&amp#27;[39m &amp#27;[32m&amp#27;[1mAnd &amp#27;[22mlogout successfully&amp#27;[39m                                    &amp#27;[90m# StepDefination.User2_Step.logout_successfully()&amp#27;[39m
Validated the user2 functionalities
  &amp#27;[32m✔&amp#27;[39m &amp#27;[32m&amp#27;[1mThen &amp#27;[22mvalidated the user2 functionalities&amp#27;[39m                   &amp#27;[90m# StepDefination.User2_Step.validated_the_user2_functionalities()&amp#27;[39m
]]></system-out>
    <system-err><![CDATA[Sep 07, 2025 6:59:11 PM org.openqa.selenium.devtools.CdpVersionFinder findNearestMatch
WARNING: Unable to find CDP implementation matching 140
Sep 07, 2025 6:59:11 PM org.openqa.selenium.chromium.ChromiumDriver lambda$new$5
WARNING: Unable to find version of CDP to use for 140.0.7339.80. You may need to include a dependency on a specific version of the CDP using something similar to `org.seleniumhq.selenium:selenium-devtools-v86:4.22.0` where the version ("v86") matches the version of the chromium-based browser you're using and the version number of the artifact is the same as Selenium's.
]]></system-err>
  </testcase>
  <testcase name="Validate user3 prevoius orders and login" classname="check the existing_orders_user functionalities" time="11.754">
    <system-out><![CDATA[
&amp#27;[1mScenario:&amp#27;[22m Validate user3 prevoius orders and login         &amp#27;[90m# file:///C:/Users/shashank/Desktop/Java%20Selinium/Capstone_Project/src/test/resources/features1/User3_Functionalities.feature:5&amp#27;[39m
  &amp#27;[32m✔&amp#27;[39m &amp#27;[32m&amp#27;[1mGiven &amp#27;[22mgo to website and it should be opened in Browser&amp#27;[39m &amp#27;[90m# StepDefination.User3_Step.go_to_website_and_it_should_be_opened_in_browser()&amp#27;[39m
  &amp#27;[32m✔&amp#27;[39m &amp#27;[32m&amp#27;[1mWhen &amp#27;[22mnavigate to sigin&amp#27;[39m                                 &amp#27;[90m# StepDefination.User3_Step.navigate_to_sigin()&amp#27;[39m
  &amp#27;[32m✔&amp#27;[39m &amp#27;[32m&amp#27;[1mAnd &amp#27;[22mlogin with the user3&amp#27;[39m                               &amp#27;[90m# StepDefination.User3_Step.login_with_the_user3()&amp#27;[39m
User logged-in successfully
  &amp#27;[32m✔&amp#27;[39m &amp#27;[32m&amp#27;[1mAnd &amp#27;[22muser should had logged in&amp#27;[39m                          &amp#27;[90m# StepDefination.User3_Step.user_should_had_logged_in()&amp#27;[39m
  &amp#27;[32m✔&amp#27;[39m &amp#27;[32m&amp#27;[1mAnd &amp#27;[22mgo to the orders page&amp#27;[39m                              &amp#27;[90m# StepDefination.User3_Step.go_to_the_orders_page()&amp#27;[39m
  &amp#27;[32m✔&amp#27;[39m &amp#27;[32m&amp#27;[1mAnd &amp#27;[22mcheck the previous orders products&amp#27;[39m                 &amp#27;[90m# StepDefination.User3_Step.check_the_previous_orders_products()&amp#27;[39m
  &amp#27;[32m✔&amp#27;[39m &amp#27;[32m&amp#27;[1mAnd &amp#27;[22mclick on signout&amp#27;[39m                                   &amp#27;[90m# StepDefination.User3_Step.click_on_signout()&amp#27;[39m
Successfully logged out
  &amp#27;[32m✔&amp#27;[39m &amp#27;[32m&amp#27;[1mAnd &amp#27;[22msigned out successfully&amp#27;[39m                            &amp#27;[90m# StepDefination.User3_Step.signed_out_successfully()&amp#27;[39m
Validated the user3
  &amp#27;[32m✔&amp#27;[39m &amp#27;[32m&amp#27;[1mThen &amp#27;[22mvalidated the user3 functionalities&amp#27;[39m               &amp#27;[90m# StepDefination.User3_Step.validated_the_user3_functionalities()&amp#27;[39m
]]></system-out>
    <system-err><![CDATA[Sep 07, 2025 6:59:20 PM org.openqa.selenium.devtools.CdpVersionFinder findNearestMatch
WARNING: Unable to find CDP implementation matching 140
Sep 07, 2025 6:59:20 PM org.openqa.selenium.chromium.ChromiumDriver lambda$new$5
WARNING: Unable to find version of CDP to use for 140.0.7339.80. You may need to include a dependency on a specific version of the CDP using something similar to `org.seleniumhq.selenium:selenium-devtools-v86:4.22.0` where the version ("v86") matches the version of the chromium-based browser you're using and the version number of the artifact is the same as Selenium's.
]]></system-err>
  </testcase>
  <testcase name="Validate user4 prevoius orders and login" classname="check the fav_user functionalities" time="10.638">
    <system-out><![CDATA[
&amp#27;[1mScenario:&amp#27;[22m Validate user4 prevoius orders and login       &amp#27;[90m# file:///C:/Users/shashank/Desktop/Java%20Selinium/Capstone_Project/src/test/resources/features1/User4_Funct.feature:5&amp#27;[39m
  &amp#27;[32m✔&amp#27;[39m &amp#27;[32m&amp#27;[1mGiven &amp#27;[22mgo to website&amp#27;[39m                                  &amp#27;[90m# StepDefination.User4_step.go_to_website()&amp#27;[39m
  &amp#27;[32m✔&amp#27;[39m &amp#27;[32m&amp#27;[1mWhen &amp#27;[22mredirect to login&amp#27;[39m                               &amp#27;[90m# StepDefination.User4_step.redirect_to_sigin_login()&amp#27;[39m
  &amp#27;[32m✔&amp#27;[39m &amp#27;[32m&amp#27;[1mAnd &amp#27;[22msignin with the user3&amp#27;[39m                            &amp#27;[90m# StepDefination.User4_step.signin_with_the_user3()&amp#27;[39m
signed in to the website
  &amp#27;[32m✔&amp#27;[39m &amp#27;[32m&amp#27;[1mAnd &amp#27;[22muser should had logged in with user3 credentials&amp#27;[39m &amp#27;[90m# StepDefination.User4_step.user_should_had_logged_in_with_user3_credentials()&amp#27;[39m
  &amp#27;[32m✔&amp#27;[39m &amp#27;[32m&amp#27;[1mAnd &amp#27;[22mgo to the favourites page&amp#27;[39m                        &amp#27;[90m# StepDefination.User4_step.go_to_the_favourites_page()&amp#27;[39m
  &amp#27;[32m✔&amp#27;[39m &amp#27;[32m&amp#27;[1mAnd &amp#27;[22mview the products&amp#27;[39m                                &amp#27;[90m# StepDefination.User4_step.view_the_products()&amp#27;[39m
  &amp#27;[32m✔&amp#27;[39m &amp#27;[32m&amp#27;[1mAnd &amp#27;[22mremove products from favourites&amp#27;[39m                  &amp#27;[90m# StepDefination.User4_step.remove_products_from_favourites()&amp#27;[39m
  &amp#27;[32m✔&amp#27;[39m &amp#27;[32m&amp#27;[1mAnd &amp#27;[22mclick on logout option&amp#27;[39m                           &amp#27;[90m# StepDefination.User4_step.click_on_logout_option()&amp#27;[39m
Successfully logged out from the page
  &amp#27;[32m✔&amp#27;[39m &amp#27;[32m&amp#27;[1mAnd &amp#27;[22mlogged out from the bstackdemo&amp#27;[39m                   &amp#27;[90m# StepDefination.User4_step.logged_out_from_the_bstackdemo()&amp#27;[39m
Validate the user4
  &amp#27;[32m✔&amp#27;[39m &amp#27;[32m&amp#27;[1mThen &amp#27;[22mvalidated the user4 functionalities&amp#27;[39m             &amp#27;[90m# StepDefination.User4_step.validated_the_user4_functionalities()&amp#27;[39m
]]></system-out>
    <system-err><![CDATA[Sep 07, 2025 6:59:31 PM org.openqa.selenium.devtools.CdpVersionFinder findNearestMatch
WARNING: Unable to find CDP implementation matching 140
Sep 07, 2025 6:59:31 PM org.openqa.selenium.chromium.ChromiumDriver lambda$new$5
WARNING: Unable to find version of CDP to use for 140.0.7339.80. You may need to include a dependency on a specific version of the CDP using something similar to `org.seleniumhq.selenium:selenium-devtools-v86:4.22.0` where the version ("v86") matches the version of the chromium-based browser you're using and the version number of the artifact is the same as Selenium's.
]]></system-err>
  </testcase>
  <testcase name="Validate user5 login functionality" classname="check the locked_user functionalities" time="8.437">
    <system-out><![CDATA[
&amp#27;[1mScenario:&amp#27;[22m Validate user5 login functionality &amp#27;[90m# file:///C:/Users/shashank/Desktop/Java%20Selinium/Capstone_Project/src/test/resources/features1/User5_Func.feature:5&amp#27;[39m
  &amp#27;[32m✔&amp#27;[39m &amp#27;[32m&amp#27;[1mGiven &amp#27;[22mredirect to webpage&amp#27;[39m                &amp#27;[90m# StepDefination.User5_Step.redirect_to_webpage()&amp#27;[39m
  &amp#27;[32m✔&amp#27;[39m &amp#27;[32m&amp#27;[1mWhen &amp#27;[22mnavigate to login page&amp#27;[39m              &amp#27;[90m# StepDefination.User5_Step.navigate_to_login_page()&amp#27;[39m
  &amp#27;[32m✔&amp#27;[39m &amp#27;[32m&amp#27;[1mAnd &amp#27;[22menter the user5 signin credentials&amp#27;[39m   &amp#27;[90m# StepDefination.User5_Step.enter_the_user5_signin_credentials()&amp#27;[39m
User5 account has been locked
  &amp#27;[32m✔&amp#27;[39m &amp#27;[32m&amp#27;[1mAnd &amp#27;[22muser not able to login to website&amp#27;[39m    &amp#27;[90m# StepDefination.User5_Step.user_not_able_to_login_to_website()&amp#27;[39m
validated the user5 login
  &amp#27;[32m✔&amp#27;[39m &amp#27;[32m&amp#27;[1mThen &amp#27;[22mvalidated the user5 login&amp#27;[39m           &amp#27;[90m# StepDefination.User5_Step.validated_the_user5_login()&amp#27;[39m
]]></system-out>
    <system-err><![CDATA[Sep 07, 2025 6:59:42 PM org.openqa.selenium.devtools.CdpVersionFinder findNearestMatch
WARNING: Unable to find CDP implementation matching 140
Sep 07, 2025 6:59:42 PM org.openqa.selenium.chromium.ChromiumDriver lambda$new$5
WARNING: Unable to find version of CDP to use for 140.0.7339.80. You may need to include a dependency on a specific version of the CDP using something similar to `org.seleniumhq.selenium:selenium-devtools-v86:4.22.0` where the version ("v86") matches the version of the chromium-based browser you're using and the version number of the artifact is the same as Selenium's.
]]></system-err>
  </testcase>
</testsuite>